# JRE version: OpenJDK Runtime Environment Temurin-21.0.6+7 (21.0.6+7) (build 21.0.6+7-LTS)
# Java VM: OpenJDK 64-Bit Server VM Temurin-21.0.6+7 (21.0.6+7-LTS, mixed mode, sharing, tiered, compressed oops, compressed class ptrs, parallel gc, windows-amd64)
GC Precious Log:
 CardTable entry size: 512
 CPUs: 8 total, 8 available
 Memory: 8059M
 Large Page Support: Disabled
 NUMA Support: Disabled
 Compressed Oops: Enabled (32-bit)
 Alignments: Space 512K, Generation 512K, Heap 2M
 Heap Min Capacity: 100M
 Heap Initial Capacity: 100M
 Heap Max Capacity: 1G
 Pre-touch: Disabled
 Parallel Workers: 8
Heap:
 PSYoungGen      total 11776K, used 7758K [0x00000000eab00000, 0x00000000eb900000, 0x0000000100000000)
  eden space 9216K, 84% used [0x00000000eab00000,0x00000000eb293868,0x00000000eb400000)
  from space 2560K, 0% used [0x00000000eb400000,0x00000000eb400000,0x00000000eb680000)
  to   space 2560K, 0% used [0x00000000eb680000,0x00000000eb680000,0x00000000eb900000)
 ParOldGen       total 79360K, used 71727K [0x00000000c0000000, 0x00000000c4d80000, 0x00000000eab00000)
  object space 79360K, 90% used [0x00000000c0000000,0x00000000c460bec8,0x00000000c4d80000)
 Metaspace       used 54304K, committed 55552K, reserved 1114112K
  class space    used 5659K, committed 6208K, reserved 1048576K
GC Heap History (20 events):
Event: 7.987 GC heap before
{Heap before GC invocations=39 (full 2):
 PSYoungGen      total 14848K, used 14669K [0x00000000eab00000, 0x00000000ebb80000, 0x0000000100000000)
  eden space 13824K, 100% used [0x00000000eab00000,0x00000000eb880000,0x00000000eb880000)
  from space 1024K, 82% used [0x00000000eba80000,0x00000000ebb535c8,0x00000000ebb80000)
  to   space 1536K, 0% used [0x00000000eb880000,0x00000000eb880000,0x00000000eba00000)
 ParOldGen       total 68608K, used 62061K [0x00000000c0000000, 0x00000000c4300000, 0x00000000eab00000)
  object space 68608K, 90% used [0x00000000c0000000,0x00000000c3c9b550,0x00000000c4300000)
 Metaspace       used 50968K, committed 52224K, reserved 1114112K
  class space    used 5347K, committed 5888K, reserved 1048576K
}
Event: 7.989 GC heap after
{Heap after GC invocations=39 (full 2):
 PSYoungGen      total 15360K, used 448K [0x00000000eab00000, 0x00000000ebb00000, 0x0000000100000000)
  eden space 13824K, 0% used [0x00000000eab00000,0x00000000eab00000,0x00000000eb880000)
  from space 1536K, 29% used [0x00000000eb880000,0x00000000eb8f0000,0x00000000eba00000)
  to   space 1024K, 0% used [0x00000000eba00000,0x00000000eba00000,0x00000000ebb00000)
 ParOldGen       total 68608K, used 62600K [0x00000000c0000000, 0x00000000c4300000, 0x00000000eab00000)
  object space 68608K, 91% used [0x00000000c0000000,0x00000000c3d22128,0x00000000c4300000)
 Metaspace       used 50968K, committed 52224K, reserved 1114112K
  class space    used 5347K, committed 5888K, reserved 1048576K
}
Event: 8.078 GC heap before
{Heap before GC invocations=40 (full 2):
 PSYoungGen      total 15360K, used 14272K [0x00000000eab00000, 0x00000000ebb00000, 0x0000000100000000)
  eden space 13824K, 100% used [0x00000000eab00000,0x00000000eb880000,0x00000000eb880000)
  from space 1536K, 29% used [0x00000000eb880000,0x00000000eb8f0000,0x00000000eba00000)
  to   space 1024K, 0% used [0x00000000eba00000,0x00000000eba00000,0x00000000ebb00000)
 ParOldGen       total 68608K, used 62600K [0x00000000c0000000, 0x00000000c4300000, 0x00000000eab00000)
  object space 68608K, 91% used [0x00000000c0000000,0x00000000c3d22128,0x00000000c4300000)
 Metaspace       used 52123K, committed 53376K, reserved 1114112K
  class space    used 5470K, committed 6016K, reserved 1048576K
}
Event: 8.081 GC heap after
{Heap after GC invocations=40 (full 2):
 PSYoungGen      total 13824K, used 1022K [0x00000000eab00000, 0x00000000ebd80000, 0x0000000100000000)
  eden space 12800K, 0% used [0x00000000eab00000,0x00000000eab00000,0x00000000eb780000)
  from space 1024K, 99% used [0x00000000eba00000,0x00000000ebaffb98,0x00000000ebb00000)
  to   space 2560K, 0% used [0x00000000eb780000,0x00000000eb780000,0x00000000eba00000)
 ParOldGen       total 68608K, used 63646K [0x00000000c0000000, 0x00000000c4300000, 0x00000000eab00000)
  object space 68608K, 92% used [0x00000000c0000000,0x00000000c3e27988,0x00000000c4300000)
 Metaspace       used 52123K, committed 53376K, reserved 1114112K
  class space    used 5470K, committed 6016K, reserved 1048576K
}
Event: 8.230 GC heap before
{Heap before GC invocations=41 (full 2):
 PSYoungGen      total 13824K, used 13822K [0x00000000eab00000, 0x00000000ebd80000, 0x0000000100000000)
  eden space 12800K, 100% used [0x00000000eab00000,0x00000000eb780000,0x00000000eb780000)
  from space 1024K, 99% used [0x00000000eba00000,0x00000000ebaffb98,0x00000000ebb00000)
  to   space 2560K, 0% used [0x00000000eb780000,0x00000000eb780000,0x00000000eba00000)
 ParOldGen       total 68608K, used 63646K [0x00000000c0000000, 0x00000000c4300000, 0x00000000eab00000)
  object space 68608K, 92% used [0x00000000c0000000,0x00000000c3e27988,0x00000000c4300000)
 Metaspace       used 52244K, committed 53440K, reserved 1114112K
  class space    used 5496K, committed 6016K, reserved 1048576K
}
Event: 8.233 GC heap after
{Heap after GC invocations=41 (full 2):
 PSYoungGen      total 15360K, used 2040K [0x00000000eab00000, 0x00000000ebc80000, 0x0000000100000000)
  eden space 12800K, 0% used [0x00000000eab00000,0x00000000eab00000,0x00000000eb780000)
  from space 2560K, 79% used [0x00000000eb780000,0x00000000eb97e2a8,0x00000000eba00000)
  to   space 2560K, 0% used [0x00000000eba00000,0x00000000eba00000,0x00000000ebc80000)
 ParOldGen       total 68608K, used 64679K [0x00000000c0000000, 0x00000000c4300000, 0x00000000eab00000)
  object space 68608K, 94% used [0x00000000c0000000,0x00000000c3f29ed0,0x00000000c4300000)
 Metaspace       used 52244K, committed 53440K, reserved 1114112K
  class space    used 5496K, committed 6016K, reserved 1048576K
}
Event: 8.326 GC heap before
{Heap before GC invocations=42 (full 2):
 PSYoungGen      total 15360K, used 14789K [0x00000000eab00000, 0x00000000ebc80000, 0x0000000100000000)
  eden space 12800K, 99% used [0x00000000eab00000,0x00000000eb7734b8,0x00000000eb780000)
  from space 2560K, 79% used [0x00000000eb780000,0x00000000eb97e2a8,0x00000000eba00000)
  to   space 2560K, 0% used [0x00000000eba00000,0x00000000eba00000,0x00000000ebc80000)
 ParOldGen       total 68608K, used 64679K [0x00000000c0000000, 0x00000000c4300000, 0x00000000eab00000)
  object space 68608K, 94% used [0x00000000c0000000,0x00000000c3f29ed0,0x00000000c4300000)
 Metaspace       used 52335K, committed 53568K, reserved 1114112K
  class space    used 5520K, committed 6080K, reserved 1048576K
}
Event: 8.328 GC heap after
{Heap after GC invocations=42 (full 2):
 PSYoungGen      total 15360K, used 2247K [0x00000000eab00000, 0x00000000ebc80000, 0x0000000100000000)
  eden space 12800K, 0% used [0x00000000eab00000,0x00000000eab00000,0x00000000eb780000)
  from space 2560K, 87% used [0x00000000eba00000,0x00000000ebc31d38,0x00000000ebc80000)
  to   space 2560K, 0% used [0x00000000eb780000,0x00000000eb780000,0x00000000eba00000)
 ParOldGen       total 68608K, used 66537K [0x00000000c0000000, 0x00000000c4300000, 0x00000000eab00000)
  object space 68608K, 96% used [0x00000000c0000000,0x00000000c40fa520,0x00000000c4300000)
 Metaspace       used 52335K, committed 53568K, reserved 1114112K
  class space    used 5520K, committed 6080K, reserved 1048576K
}
Event: 8.425 GC heap before
{Heap before GC invocations=43 (full 2):
 PSYoungGen      total 15360K, used 15047K [0x00000000eab00000, 0x00000000ebc80000, 0x0000000100000000)
  eden space 12800K, 100% used [0x00000000eab00000,0x00000000eb780000,0x00000000eb780000)
  from space 2560K, 87% used [0x00000000eba00000,0x00000000ebc31d38,0x00000000ebc80000)
  to   space 2560K, 0% used [0x00000000eb780000,0x00000000eb780000,0x00000000eba00000)
 ParOldGen       total 68608K, used 66537K [0x00000000c0000000, 0x00000000c4300000, 0x00000000eab00000)
  object space 68608K, 96% used [0x00000000c0000000,0x00000000c40fa520,0x00000000c4300000)
 Metaspace       used 52482K, committed 53696K, reserved 1114112K
  class space    used 5534K, committed 6080K, reserved 1048576K
}
Event: 8.427 GC heap after
{Heap after GC invocations=43 (full 2):
 PSYoungGen      total 15360K, used 2484K [0x00000000eab00000, 0x00000000ebc80000, 0x0000000100000000)
  eden space 12800K, 0% used [0x00000000eab00000,0x00000000eab00000,0x00000000eb780000)
  from space 2560K, 97% used [0x00000000eb780000,0x00000000eb9ed100,0x00000000eba00000)
  to   space 2560K, 0% used [0x00000000eba00000,0x00000000eba00000,0x00000000ebc80000)
 ParOldGen       total 68608K, used 68484K [0x00000000c0000000, 0x00000000c4300000, 0x00000000eab00000)
  object space 68608K, 99% used [0x00000000c0000000,0x00000000c42e13d0,0x00000000c4300000)
 Metaspace       used 52482K, committed 53696K, reserved 1114112K
  class space    used 5534K, committed 6080K, reserved 1048576K
}
Event: 8.513 GC heap before
{Heap before GC invocations=44 (full 2):
 PSYoungGen      total 15360K, used 15284K [0x00000000eab00000, 0x00000000ebc80000, 0x0000000100000000)
  eden space 12800K, 100% used [0x00000000eab00000,0x00000000eb780000,0x00000000eb780000)
  from space 2560K, 97% used [0x00000000eb780000,0x00000000eb9ed100,0x00000000eba00000)
  to   space 2560K, 0% used [0x00000000eba00000,0x00000000eba00000,0x00000000ebc80000)
 ParOldGen       total 68608K, used 68484K [0x00000000c0000000, 0x00000000c4300000, 0x00000000eab00000)
  object space 68608K, 99% used [0x00000000c0000000,0x00000000c42e13d0,0x00000000c4300000)
 Metaspace       used 52602K, committed 53824K, reserved 1114112K
  class space    used 5542K, committed 6080K, reserved 1048576K
}
Event: 8.519 GC heap after
{Heap after GC invocations=44 (full 2):
 PSYoungGen      total 12288K, used 2542K [0x00000000eab00000, 0x00000000ec280000, 0x0000000100000000)
  eden space 9728K, 0% used [0x00000000eab00000,0x00000000eab00000,0x00000000eb480000)
  from space 2560K, 99% used [0x00000000eba00000,0x00000000ebc7bae0,0x00000000ebc80000)
  to   space 5632K, 0% used [0x00000000eb480000,0x00000000eb480000,0x00000000eba00000)
 ParOldGen       total 71168K, used 70867K [0x00000000c0000000, 0x00000000c4580000, 0x00000000eab00000)
  object space 71168K, 99% used [0x00000000c0000000,0x00000000c4534ff0,0x00000000c4580000)
 Metaspace       used 52602K, committed 53824K, reserved 1114112K
  class space    used 5542K, committed 6080K, reserved 1048576K
}
Event: 8.566 GC heap before
{Heap before GC invocations=45 (full 2):
 PSYoungGen      total 12288K, used 12270K [0x00000000eab00000, 0x00000000ec280000, 0x0000000100000000)
  eden space 9728K, 100% used [0x00000000eab00000,0x00000000eb480000,0x00000000eb480000)
  from space 2560K, 99% used [0x00000000eba00000,0x00000000ebc7bae0,0x00000000ebc80000)
  to   space 5632K, 0% used [0x00000000eb480000,0x00000000eb480000,0x00000000eba00000)
 ParOldGen       total 71168K, used 70867K [0x00000000c0000000, 0x00000000c4580000, 0x00000000eab00000)
  object space 71168K, 99% used [0x00000000c0000000,0x00000000c4534ff0,0x00000000c4580000)
 Metaspace       used 52742K, committed 54016K, reserved 1114112K
  class space    used 5550K, committed 6144K, reserved 1048576K
}
Event: 8.569 GC heap after
{Heap after GC invocations=45 (full 2):
 PSYoungGen      total 12288K, used 2175K [0x00000000eab00000, 0x00000000ebb80000, 0x0000000100000000)
  eden space 9728K, 0% used [0x00000000eab00000,0x00000000eab00000,0x00000000eb480000)
  from space 2560K, 84% used [0x00000000eb480000,0x00000000eb69fcc8,0x00000000eb700000)
  to   space 3584K, 0% used [0x00000000eb800000,0x00000000eb800000,0x00000000ebb80000)
 ParOldGen       total 73728K, used 73268K [0x00000000c0000000, 0x00000000c4800000, 0x00000000eab00000)
  object space 73728K, 99% used [0x00000000c0000000,0x00000000c478d1d8,0x00000000c4800000)
 Metaspace       used 52742K, committed 54016K, reserved 1114112K
  class space    used 5550K, committed 6144K, reserved 1048576K
}
Event: 8.622 GC heap before
{Heap before GC invocations=46 (full 2):
 PSYoungGen      total 12288K, used 11903K [0x00000000eab00000, 0x00000000ebb80000, 0x0000000100000000)
  eden space 9728K, 100% used [0x00000000eab00000,0x00000000eb480000,0x00000000eb480000)
  from space 2560K, 84% used [0x00000000eb480000,0x00000000eb69fcc8,0x00000000eb700000)
  to   space 3584K, 0% used [0x00000000eb800000,0x00000000eb800000,0x00000000ebb80000)
 ParOldGen       total 73728K, used 73268K [0x00000000c0000000, 0x00000000c4800000, 0x00000000eab00000)
  object space 73728K, 99% used [0x00000000c0000000,0x00000000c478d1d8,0x00000000c4800000)
 Metaspace       used 52837K, committed 54080K, reserved 1114112K
  class space    used 5564K, committed 6144K, reserved 1048576K
}
Event: 8.624 GC heap after
{Heap after GC invocations=46 (full 2):
 PSYoungGen      total 11776K, used 1916K [0x00000000eab00000, 0x00000000eba00000, 0x0000000100000000)
  eden space 9728K, 0% used [0x00000000eab00000,0x00000000eab00000,0x00000000eb480000)
  from space 2048K, 93% used [0x00000000eb800000,0x00000000eb9df040,0x00000000eba00000)
  to   space 2560K, 0% used [0x00000000eb500000,0x00000000eb500000,0x00000000eb780000)
 ParOldGen       total 75264K, used 75176K [0x00000000c0000000, 0x00000000c4980000, 0x00000000eab00000)
  object space 75264K, 99% used [0x00000000c0000000,0x00000000c496a000,0x00000000c4980000)
 Metaspace       used 52837K, committed 54080K, reserved 1114112K
  class space    used 5564K, committed 6144K, reserved 1048576K
}
Event: 8.675 GC heap before
{Heap before GC invocations=47 (full 2):
 PSYoungGen      total 11776K, used 11644K [0x00000000eab00000, 0x00000000eba00000, 0x0000000100000000)
  eden space 9728K, 100% used [0x00000000eab00000,0x00000000eb480000,0x00000000eb480000)
  from space 2048K, 93% used [0x00000000eb800000,0x00000000eb9df040,0x00000000eba00000)
  to   space 2560K, 0% used [0x00000000eb500000,0x00000000eb500000,0x00000000eb780000)
 ParOldGen       total 75264K, used 75176K [0x00000000c0000000, 0x00000000c4980000, 0x00000000eab00000)
  object space 75264K, 99% used [0x00000000c0000000,0x00000000c496a000,0x00000000c4980000)
 Metaspace       used 53031K, committed 54336K, reserved 1114112K
  class space    used 5586K, committed 6144K, reserved 1048576K
}
Event: 8.677 GC heap after
{Heap after GC invocations=47 (full 2):
 PSYoungGen      total 11264K, used 1410K [0x00000000eab00000, 0x00000000eb880000, 0x0000000100000000)
  eden space 9728K, 0% used [0x00000000eab00000,0x00000000eab00000,0x00000000eb480000)
  from space 1536K, 91% used [0x00000000eb500000,0x00000000eb6608e0,0x00000000eb680000)
  to   space 2048K, 0% used [0x00000000eb680000,0x00000000eb680000,0x00000000eb880000)
 ParOldGen       total 77312K, used 76945K [0x00000000c0000000, 0x00000000c4b80000, 0x00000000eab00000)
  object space 77312K, 99% used [0x00000000c0000000,0x00000000c4b246f0,0x00000000c4b80000)
 Metaspace       used 53031K, committed 54336K, reserved 1114112K
  class space    used 5586K, committed 6144K, reserved 1048576K
}
Event: 8.753 GC heap before
{Heap before GC invocations=48 (full 2):
 PSYoungGen      total 11264K, used 11138K [0x00000000eab00000, 0x00000000eb880000, 0x0000000100000000)
  eden space 9728K, 100% used [0x00000000eab00000,0x00000000eb480000,0x00000000eb480000)
  from space 1536K, 91% used [0x00000000eb500000,0x00000000eb6608e0,0x00000000eb680000)
  to   space 2048K, 0% used [0x00000000eb680000,0x00000000eb680000,0x00000000eb880000)
 ParOldGen       total 77312K, used 76945K [0x00000000c0000000, 0x00000000c4b80000, 0x00000000eab00000)
  object space 77312K, 99% used [0x00000000c0000000,0x00000000c4b246f0,0x00000000c4b80000)
 Metaspace       used 53325K, committed 54592K, reserved 1114112K
  class space    used 5611K, committed 6144K, reserved 1048576K
}
Event: 8.755 GC heap after
{Heap after GC invocations=48 (full 2):
 PSYoungGen      total 11264K, used 1959K [0x00000000eab00000, 0x00000000eb980000, 0x0000000100000000)
  eden space 9216K, 0% used [0x00000000eab00000,0x00000000eab00000,0x00000000eb400000)
  from space 2048K, 95% used [0x00000000eb680000,0x00000000eb869f48,0x00000000eb880000)
  to   space 2560K, 0% used [0x00000000eb400000,0x00000000eb400000,0x00000000eb680000)
 ParOldGen       total 78336K, used 78221K [0x00000000c0000000, 0x00000000c4c80000, 0x00000000eab00000)
  object space 78336K, 99% used [0x00000000c0000000,0x00000000c4c63560,0x00000000c4c80000)
 Metaspace       used 53325K, committed 54592K, reserved 1114112K
  class space    used 5611K, committed 6144K, reserved 1048576K
}

