# JRE version: OpenJDK Runtime Environment Temurin-21.0.6+7 (21.0.6+7) (build 21.0.6+7-LTS)
# Java VM: OpenJDK 64-Bit Server VM Temurin-21.0.6+7 (21.0.6+7-LTS, mixed mode, sharing, tiered, compressed oops, compressed class ptrs, parallel gc, windows-amd64)
GC Precious Log:
 CardTable entry size: 512
 CPUs: 8 total, 8 available
 Memory: 8059M
 Large Page Support: Disabled
 NUMA Support: Disabled
 Compressed Oops: Enabled (32-bit)
 Alignments: Space 512K, Generation 512K, Heap 2M
 Heap Min Capacity: 100M
 Heap Initial Capacity: 100M
 Heap Max Capacity: 1G
 Pre-touch: Disabled
 Parallel Workers: 8
Heap:
 PSYoungGen      total 22016K, used 1267K [0x00000000eab00000, 0x00000000ec900000, 0x0000000100000000)
  eden space 21504K, 4% used [0x00000000eab00000,0x00000000eabfcc10,0x00000000ec000000)
  from space 512K, 50% used [0x00000000ec280000,0x00000000ec2c0000,0x00000000ec300000)
  to   space 2048K, 0% used [0x00000000ec700000,0x00000000ec700000,0x00000000ec900000)
 ParOldGen       total 68608K, used 56478K [0x00000000c0000000, 0x00000000c4300000, 0x00000000eab00000)
  object space 68608K, 82% used [0x00000000c0000000,0x00000000c3727b00,0x00000000c4300000)
 Metaspace       used 47961K, committed 49088K, reserved 1114112K
  class space    used 4619K, committed 5120K, reserved 1048576K
GC Heap History (20 events):
Event: 11.009 GC heap before
{Heap before GC invocations=24 (full 2):
 PSYoungGen      total 22528K, used 22496K [0x00000000eab00000, 0x00000000ec400000, 0x0000000100000000)
  eden space 21504K, 100% used [0x00000000eab00000,0x00000000ec000000,0x00000000ec000000)
  from space 1024K, 96% used [0x00000000ec200000,0x00000000ec2f8010,0x00000000ec300000)
  to   space 1024K, 0% used [0x00000000ec300000,0x00000000ec300000,0x00000000ec400000)
 ParOldGen       total 68608K, used 33083K [0x00000000c0000000, 0x00000000c4300000, 0x00000000eab00000)
  object space 68608K, 48% used [0x00000000c0000000,0x00000000c204ed88,0x00000000c4300000)
 Metaspace       used 37857K, committed 38784K, reserved 1114112K
  class space    used 3705K, committed 4096K, reserved 1048576K
}
Event: 11.016 GC heap after
{Heap after GC invocations=24 (full 2):
 PSYoungGen      total 22528K, used 1016K [0x00000000eab00000, 0x00000000ec600000, 0x0000000100000000)
  eden space 21504K, 0% used [0x00000000eab00000,0x00000000eab00000,0x00000000ec000000)
  from space 1024K, 99% used [0x00000000ec300000,0x00000000ec3fe090,0x00000000ec400000)
  to   space 3072K, 0% used [0x00000000ec000000,0x00000000ec000000,0x00000000ec300000)
 ParOldGen       total 68608K, used 34641K [0x00000000c0000000, 0x00000000c4300000, 0x00000000eab00000)
  object space 68608K, 50% used [0x00000000c0000000,0x00000000c21d4700,0x00000000c4300000)
 Metaspace       used 37857K, committed 38784K, reserved 1114112K
  class space    used 3705K, committed 4096K, reserved 1048576K
}
Event: 11.153 GC heap before
{Heap before GC invocations=25 (full 2):
 PSYoungGen      total 22528K, used 22508K [0x00000000eab00000, 0x00000000ec600000, 0x0000000100000000)
  eden space 21504K, 99% used [0x00000000eab00000,0x00000000ebffd0a8,0x00000000ec000000)
  from space 1024K, 99% used [0x00000000ec300000,0x00000000ec3fe090,0x00000000ec400000)
  to   space 3072K, 0% used [0x00000000ec000000,0x00000000ec000000,0x00000000ec300000)
 ParOldGen       total 68608K, used 34641K [0x00000000c0000000, 0x00000000c4300000, 0x00000000eab00000)
  object space 68608K, 50% used [0x00000000c0000000,0x00000000c21d4700,0x00000000c4300000)
 Metaspace       used 37870K, committed 38784K, reserved 1114112K
  class space    used 3705K, committed 4096K, reserved 1048576K
}
Event: 11.155 GC heap after
{Heap after GC invocations=25 (full 2):
 PSYoungGen      total 22016K, used 270K [0x00000000eab00000, 0x00000000ec380000, 0x0000000100000000)
  eden space 21504K, 0% used [0x00000000eab00000,0x00000000eab00000,0x00000000ec000000)
  from space 512K, 52% used [0x00000000ec000000,0x00000000ec043830,0x00000000ec080000)
  to   space 1536K, 0% used [0x00000000ec200000,0x00000000ec200000,0x00000000ec380000)
 ParOldGen       total 68608K, used 35717K [0x00000000c0000000, 0x00000000c4300000, 0x00000000eab00000)
  object space 68608K, 52% used [0x00000000c0000000,0x00000000c22e17f8,0x00000000c4300000)
 Metaspace       used 37870K, committed 38784K, reserved 1114112K
  class space    used 3705K, committed 4096K, reserved 1048576K
}
Event: 12.032 GC heap before
{Heap before GC invocations=26 (full 2):
 PSYoungGen      total 22016K, used 21774K [0x00000000eab00000, 0x00000000ec380000, 0x0000000100000000)
  eden space 21504K, 100% used [0x00000000eab00000,0x00000000ec000000,0x00000000ec000000)
  from space 512K, 52% used [0x00000000ec000000,0x00000000ec043830,0x00000000ec080000)
  to   space 1536K, 0% used [0x00000000ec200000,0x00000000ec200000,0x00000000ec380000)
 ParOldGen       total 68608K, used 35717K [0x00000000c0000000, 0x00000000c4300000, 0x00000000eab00000)
  object space 68608K, 52% used [0x00000000c0000000,0x00000000c22e17f8,0x00000000c4300000)
 Metaspace       used 40511K, committed 41472K, reserved 1114112K
  class space    used 3965K, committed 4352K, reserved 1048576K
}
Event: 12.034 GC heap after
{Heap after GC invocations=26 (full 2):
 PSYoungGen      total 23040K, used 1536K [0x00000000eab00000, 0x00000000ec400000, 0x0000000100000000)
  eden space 21504K, 0% used [0x00000000eab00000,0x00000000eab00000,0x00000000ec000000)
  from space 1536K, 100% used [0x00000000ec200000,0x00000000ec380000,0x00000000ec380000)
  to   space 2048K, 0% used [0x00000000ec000000,0x00000000ec000000,0x00000000ec200000)
 ParOldGen       total 68608K, used 35794K [0x00000000c0000000, 0x00000000c4300000, 0x00000000eab00000)
  object space 68608K, 52% used [0x00000000c0000000,0x00000000c22f4a88,0x00000000c4300000)
 Metaspace       used 40511K, committed 41472K, reserved 1114112K
  class space    used 3965K, committed 4352K, reserved 1048576K
}
Event: 12.686 GC heap before
{Heap before GC invocations=27 (full 2):
 PSYoungGen      total 23040K, used 23040K [0x00000000eab00000, 0x00000000ec400000, 0x0000000100000000)
  eden space 21504K, 100% used [0x00000000eab00000,0x00000000ec000000,0x00000000ec000000)
  from space 1536K, 100% used [0x00000000ec200000,0x00000000ec380000,0x00000000ec380000)
  to   space 2048K, 0% used [0x00000000ec000000,0x00000000ec000000,0x00000000ec200000)
 ParOldGen       total 68608K, used 35794K [0x00000000c0000000, 0x00000000c4300000, 0x00000000eab00000)
  object space 68608K, 52% used [0x00000000c0000000,0x00000000c22f4a88,0x00000000c4300000)
 Metaspace       used 42494K, committed 43584K, reserved 1114112K
  class space    used 4188K, committed 4672K, reserved 1048576K
}
Event: 12.694 GC heap after
{Heap after GC invocations=27 (full 2):
 PSYoungGen      total 23552K, used 2018K [0x00000000eab00000, 0x00000000ecb00000, 0x0000000100000000)
  eden space 21504K, 0% used [0x00000000eab00000,0x00000000eab00000,0x00000000ec000000)
  from space 2048K, 98% used [0x00000000ec000000,0x00000000ec1f8a88,0x00000000ec200000)
  to   space 5632K, 0% used [0x00000000ec580000,0x00000000ec580000,0x00000000ecb00000)
 ParOldGen       total 68608K, used 38766K [0x00000000c0000000, 0x00000000c4300000, 0x00000000eab00000)
  object space 68608K, 56% used [0x00000000c0000000,0x00000000c25dbb10,0x00000000c4300000)
 Metaspace       used 42494K, committed 43584K, reserved 1114112K
  class space    used 4188K, committed 4672K, reserved 1048576K
}
Event: 13.605 GC heap before
{Heap before GC invocations=28 (full 2):
 PSYoungGen      total 23552K, used 23522K [0x00000000eab00000, 0x00000000ecb00000, 0x0000000100000000)
  eden space 21504K, 100% used [0x00000000eab00000,0x00000000ec000000,0x00000000ec000000)
  from space 2048K, 98% used [0x00000000ec000000,0x00000000ec1f8a88,0x00000000ec200000)
  to   space 5632K, 0% used [0x00000000ec580000,0x00000000ec580000,0x00000000ecb00000)
 ParOldGen       total 68608K, used 38766K [0x00000000c0000000, 0x00000000c4300000, 0x00000000eab00000)
  object space 68608K, 56% used [0x00000000c0000000,0x00000000c25dbb10,0x00000000c4300000)
 Metaspace       used 44356K, committed 45440K, reserved 1114112K
  class space    used 4327K, committed 4800K, reserved 1048576K
}
Event: 13.615 GC heap after
{Heap after GC invocations=28 (full 2):
 PSYoungGen      total 26112K, used 4155K [0x00000000eab00000, 0x00000000eca00000, 0x0000000100000000)
  eden space 21504K, 0% used [0x00000000eab00000,0x00000000eab00000,0x00000000ec000000)
  from space 4608K, 90% used [0x00000000ec580000,0x00000000ec98eed8,0x00000000eca00000)
  to   space 4608K, 0% used [0x00000000ec100000,0x00000000ec100000,0x00000000ec580000)
 ParOldGen       total 68608K, used 40747K [0x00000000c0000000, 0x00000000c4300000, 0x00000000eab00000)
  object space 68608K, 59% used [0x00000000c0000000,0x00000000c27cada0,0x00000000c4300000)
 Metaspace       used 44356K, committed 45440K, reserved 1114112K
  class space    used 4327K, committed 4800K, reserved 1048576K
}
Event: 23.047 GC heap before
{Heap before GC invocations=29 (full 2):
 PSYoungGen      total 26112K, used 25659K [0x00000000eab00000, 0x00000000eca00000, 0x0000000100000000)
  eden space 21504K, 100% used [0x00000000eab00000,0x00000000ec000000,0x00000000ec000000)
  from space 4608K, 90% used [0x00000000ec580000,0x00000000ec98eed8,0x00000000eca00000)
  to   space 4608K, 0% used [0x00000000ec100000,0x00000000ec100000,0x00000000ec580000)
 ParOldGen       total 68608K, used 40747K [0x00000000c0000000, 0x00000000c4300000, 0x00000000eab00000)
  object space 68608K, 59% used [0x00000000c0000000,0x00000000c27cada0,0x00000000c4300000)
 Metaspace       used 45478K, committed 46528K, reserved 1114112K
  class space    used 4397K, committed 4864K, reserved 1048576K
}
Event: 23.054 GC heap after
{Heap after GC invocations=29 (full 2):
 PSYoungGen      total 23552K, used 1817K [0x00000000eab00000, 0x00000000ec600000, 0x0000000100000000)
  eden space 21504K, 0% used [0x00000000eab00000,0x00000000eab00000,0x00000000ec000000)
  from space 2048K, 88% used [0x00000000ec100000,0x00000000ec2c6498,0x00000000ec300000)
  to   space 3072K, 0% used [0x00000000ec300000,0x00000000ec300000,0x00000000ec600000)
 ParOldGen       total 68608K, used 44626K [0x00000000c0000000, 0x00000000c4300000, 0x00000000eab00000)
  object space 68608K, 65% used [0x00000000c0000000,0x00000000c2b94a60,0x00000000c4300000)
 Metaspace       used 45478K, committed 46528K, reserved 1114112K
  class space    used 4397K, committed 4864K, reserved 1048576K
}
Event: 23.522 GC heap before
{Heap before GC invocations=30 (full 2):
 PSYoungGen      total 23552K, used 23321K [0x00000000eab00000, 0x00000000ec600000, 0x0000000100000000)
  eden space 21504K, 100% used [0x00000000eab00000,0x00000000ec000000,0x00000000ec000000)
  from space 2048K, 88% used [0x00000000ec100000,0x00000000ec2c6498,0x00000000ec300000)
  to   space 3072K, 0% used [0x00000000ec300000,0x00000000ec300000,0x00000000ec600000)
 ParOldGen       total 68608K, used 44626K [0x00000000c0000000, 0x00000000c4300000, 0x00000000eab00000)
  object space 68608K, 65% used [0x00000000c0000000,0x00000000c2b94a60,0x00000000c4300000)
 Metaspace       used 46539K, committed 47616K, reserved 1114112K
  class space    used 4510K, committed 4992K, reserved 1048576K
}
Event: 23.532 GC heap after
{Heap after GC invocations=30 (full 2):
 PSYoungGen      total 24576K, used 2433K [0x00000000eab00000, 0x00000000ec600000, 0x0000000100000000)
  eden space 21504K, 0% used [0x00000000eab00000,0x00000000eab00000,0x00000000ec000000)
  from space 3072K, 79% used [0x00000000ec300000,0x00000000ec560770,0x00000000ec600000)
  to   space 3072K, 0% used [0x00000000ec000000,0x00000000ec000000,0x00000000ec300000)
 ParOldGen       total 68608K, used 45739K [0x00000000c0000000, 0x00000000c4300000, 0x00000000eab00000)
  object space 68608K, 66% used [0x00000000c0000000,0x00000000c2caaca8,0x00000000c4300000)
 Metaspace       used 46539K, committed 47616K, reserved 1114112K
  class space    used 4510K, committed 4992K, reserved 1048576K
}
Event: 24.047 GC heap before
{Heap before GC invocations=31 (full 2):
 PSYoungGen      total 24576K, used 23935K [0x00000000eab00000, 0x00000000ec600000, 0x0000000100000000)
  eden space 21504K, 99% used [0x00000000eab00000,0x00000000ebfff7a8,0x00000000ec000000)
  from space 3072K, 79% used [0x00000000ec300000,0x00000000ec560770,0x00000000ec600000)
  to   space 3072K, 0% used [0x00000000ec000000,0x00000000ec000000,0x00000000ec300000)
 ParOldGen       total 68608K, used 45739K [0x00000000c0000000, 0x00000000c4300000, 0x00000000eab00000)
  object space 68608K, 66% used [0x00000000c0000000,0x00000000c2caaca8,0x00000000c4300000)
 Metaspace       used 46979K, committed 48128K, reserved 1114112K
  class space    used 4541K, committed 5056K, reserved 1048576K
}
Event: 24.054 GC heap after
{Heap after GC invocations=31 (full 2):
 PSYoungGen      total 24576K, used 3059K [0x00000000eab00000, 0x00000000ed100000, 0x0000000100000000)
  eden space 21504K, 0% used [0x00000000eab00000,0x00000000eab00000,0x00000000ec000000)
  from space 3072K, 99% used [0x00000000ec000000,0x00000000ec2fcc98,0x00000000ec300000)
  to   space 8704K, 0% used [0x00000000ec880000,0x00000000ec880000,0x00000000ed100000)
 ParOldGen       total 68608K, used 50066K [0x00000000c0000000, 0x00000000c4300000, 0x00000000eab00000)
  object space 68608K, 72% used [0x00000000c0000000,0x00000000c30e4ab8,0x00000000c4300000)
 Metaspace       used 46979K, committed 48128K, reserved 1114112K
  class space    used 4541K, committed 5056K, reserved 1048576K
}
Event: 24.585 GC heap before
{Heap before GC invocations=32 (full 2):
 PSYoungGen      total 24576K, used 24563K [0x00000000eab00000, 0x00000000ed100000, 0x0000000100000000)
  eden space 21504K, 100% used [0x00000000eab00000,0x00000000ec000000,0x00000000ec000000)
  from space 3072K, 99% used [0x00000000ec000000,0x00000000ec2fcc98,0x00000000ec300000)
  to   space 8704K, 0% used [0x00000000ec880000,0x00000000ec880000,0x00000000ed100000)
 ParOldGen       total 68608K, used 50066K [0x00000000c0000000, 0x00000000c4300000, 0x00000000eab00000)
  object space 68608K, 72% used [0x00000000c0000000,0x00000000c30e4ab8,0x00000000c4300000)
 Metaspace       used 47561K, committed 48704K, reserved 1114112K
  class space    used 4611K, committed 5120K, reserved 1048576K
}
Event: 24.590 GC heap after
{Heap after GC invocations=32 (full 2):
 PSYoungGen      total 25600K, used 3638K [0x00000000eab00000, 0x00000000ecc80000, 0x0000000100000000)
  eden space 21504K, 0% used [0x00000000eab00000,0x00000000eab00000,0x00000000ec000000)
  from space 4096K, 88% used [0x00000000ec880000,0x00000000ecc0dac0,0x00000000ecc80000)
  to   space 5120K, 0% used [0x00000000ec280000,0x00000000ec280000,0x00000000ec780000)
 ParOldGen       total 68608K, used 53136K [0x00000000c0000000, 0x00000000c4300000, 0x00000000eab00000)
  object space 68608K, 77% used [0x00000000c0000000,0x00000000c33e42c0,0x00000000c4300000)
 Metaspace       used 47561K, committed 48704K, reserved 1114112K
  class space    used 4611K, committed 5120K, reserved 1048576K
}
Event: 29.169 GC heap before
{Heap before GC invocations=33 (full 2):
 PSYoungGen      total 25600K, used 25142K [0x00000000eab00000, 0x00000000ecc80000, 0x0000000100000000)
  eden space 21504K, 100% used [0x00000000eab00000,0x00000000ec000000,0x00000000ec000000)
  from space 4096K, 88% used [0x00000000ec880000,0x00000000ecc0dac0,0x00000000ecc80000)
  to   space 5120K, 0% used [0x00000000ec280000,0x00000000ec280000,0x00000000ec780000)
 ParOldGen       total 68608K, used 53136K [0x00000000c0000000, 0x00000000c4300000, 0x00000000eab00000)
  object space 68608K, 77% used [0x00000000c0000000,0x00000000c33e42c0,0x00000000c4300000)
 Metaspace       used 47935K, committed 49088K, reserved 1114112K
  class space    used 4617K, committed 5120K, reserved 1048576K
}
Event: 29.184 GC heap after
{Heap after GC invocations=33 (full 2):
 PSYoungGen      total 22016K, used 256K [0x00000000eab00000, 0x00000000ec900000, 0x0000000100000000)
  eden space 21504K, 0% used [0x00000000eab00000,0x00000000eab00000,0x00000000ec000000)
  from space 512K, 50% used [0x00000000ec280000,0x00000000ec2c0000,0x00000000ec300000)
  to   space 2048K, 0% used [0x00000000ec700000,0x00000000ec700000,0x00000000ec900000)
 ParOldGen       total 68608K, used 56478K [0x00000000c0000000, 0x00000000c4300000, 0x00000000eab00000)
  object space 68608K, 82% used [0x00000000c0000000,0x00000000c3727b00,0x00000000c4300000)
 Metaspace       used 47935K, committed 49088K, reserved 1114112K
  class space    used 4617K, committed 5120K, reserved 1048576K
}

