# JRE version: OpenJDK Runtime Environment Temurin-21.0.6+7 (21.0.6+7) (build 21.0.6+7-LTS)
# Java VM: OpenJDK 64-Bit Server VM Temurin-21.0.6+7 (21.0.6+7-LTS, mixed mode, sharing, tiered, compressed oops, compressed class ptrs, parallel gc, windows-amd64)
GC Precious Log:
 CardTable entry size: 512
 CPUs: 8 total, 8 available
 Memory: 8059M
 Large Page Support: Disabled
 NUMA Support: Disabled
 Compressed Oops: Enabled (32-bit)
 Alignments: Space 512K, Generation 512K, Heap 2M
 Heap Min Capacity: 100M
 Heap Initial Capacity: 100M
 Heap Max Capacity: 1G
 Pre-touch: Disabled
 Parallel Workers: 8
Heap:
 PSYoungGen      total 20992K, used 7824K [0x00000000eab00000, 0x00000000ec280000, 0x0000000100000000)
  eden space 17920K, 28% used [0x00000000eab00000,0x00000000eaffe798,0x00000000ebc80000)
  from space 3072K, 88% used [0x00000000ebc80000,0x00000000ebf25a70,0x00000000ebf80000)
  to   space 3072K, 0% used [0x00000000ebf80000,0x00000000ebf80000,0x00000000ec280000)
 ParOldGen       total 68608K, used 45448K [0x00000000c0000000, 0x00000000c4300000, 0x00000000eab00000)
  object space 68608K, 66% used [0x00000000c0000000,0x00000000c2c62068,0x00000000c4300000)
 Metaspace       used 49252K, committed 50496K, reserved 1114112K
  class space    used 5175K, committed 5696K, reserved 1048576K
GC Heap History (20 events):
Event: 11.442 GC heap before
{Heap before GC invocations=22 (full 2):
 PSYoungGen      total 24064K, used 23904K [0x00000000eab00000, 0x00000000ec500000, 0x0000000100000000)
  eden space 22016K, 100% used [0x00000000eab00000,0x00000000ec080000,0x00000000ec080000)
  from space 2048K, 92% used [0x00000000ec180000,0x00000000ec358000,0x00000000ec380000)
  to   space 1536K, 0% used [0x00000000ec380000,0x00000000ec380000,0x00000000ec500000)
 ParOldGen       total 68608K, used 25078K [0x00000000c0000000, 0x00000000c4300000, 0x00000000eab00000)
  object space 68608K, 36% used [0x00000000c0000000,0x00000000c187d938,0x00000000c4300000)
 Metaspace       used 44298K, committed 45504K, reserved 1114112K
  class space    used 4643K, committed 5184K, reserved 1048576K
}
Event: 11.448 GC heap after
{Heap after GC invocations=22 (full 2):
 PSYoungGen      total 22016K, used 1506K [0x00000000eab00000, 0x00000000ec980000, 0x0000000100000000)
  eden space 20480K, 0% used [0x00000000eab00000,0x00000000eab00000,0x00000000ebf00000)
  from space 1536K, 98% used [0x00000000ec380000,0x00000000ec4f8800,0x00000000ec500000)
  to   space 4608K, 0% used [0x00000000ebf00000,0x00000000ebf00000,0x00000000ec380000)
 ParOldGen       total 68608K, used 27637K [0x00000000c0000000, 0x00000000c4300000, 0x00000000eab00000)
  object space 68608K, 40% used [0x00000000c0000000,0x00000000c1afd500,0x00000000c4300000)
 Metaspace       used 44298K, committed 45504K, reserved 1114112K
  class space    used 4643K, committed 5184K, reserved 1048576K
}
Event: 11.594 GC heap before
{Heap before GC invocations=23 (full 2):
 PSYoungGen      total 22016K, used 21986K [0x00000000eab00000, 0x00000000ec980000, 0x0000000100000000)
  eden space 20480K, 100% used [0x00000000eab00000,0x00000000ebf00000,0x00000000ebf00000)
  from space 1536K, 98% used [0x00000000ec380000,0x00000000ec4f8800,0x00000000ec500000)
  to   space 4608K, 0% used [0x00000000ebf00000,0x00000000ebf00000,0x00000000ec380000)
 ParOldGen       total 68608K, used 27637K [0x00000000c0000000, 0x00000000c4300000, 0x00000000eab00000)
  object space 68608K, 40% used [0x00000000c0000000,0x00000000c1afd500,0x00000000c4300000)
 Metaspace       used 44675K, committed 45888K, reserved 1114112K
  class space    used 4688K, committed 5248K, reserved 1048576K
}
Event: 11.599 GC heap after
{Heap after GC invocations=23 (full 2):
 PSYoungGen      total 23040K, used 2240K [0x00000000eab00000, 0x00000000ec500000, 0x0000000100000000)
  eden space 20480K, 0% used [0x00000000eab00000,0x00000000eab00000,0x00000000ebf00000)
  from space 2560K, 87% used [0x00000000ebf00000,0x00000000ec130000,0x00000000ec180000)
  to   space 3072K, 0% used [0x00000000ec200000,0x00000000ec200000,0x00000000ec500000)
 ParOldGen       total 68608K, used 29087K [0x00000000c0000000, 0x00000000c4300000, 0x00000000eab00000)
  object space 68608K, 42% used [0x00000000c0000000,0x00000000c1c67d00,0x00000000c4300000)
 Metaspace       used 44675K, committed 45888K, reserved 1114112K
  class space    used 4688K, committed 5248K, reserved 1048576K
}
Event: 11.695 GC heap before
{Heap before GC invocations=24 (full 2):
 PSYoungGen      total 23040K, used 22720K [0x00000000eab00000, 0x00000000ec500000, 0x0000000100000000)
  eden space 20480K, 100% used [0x00000000eab00000,0x00000000ebf00000,0x00000000ebf00000)
  from space 2560K, 87% used [0x00000000ebf00000,0x00000000ec130000,0x00000000ec180000)
  to   space 3072K, 0% used [0x00000000ec200000,0x00000000ec200000,0x00000000ec500000)
 ParOldGen       total 68608K, used 29087K [0x00000000c0000000, 0x00000000c4300000, 0x00000000eab00000)
  object space 68608K, 42% used [0x00000000c0000000,0x00000000c1c67d00,0x00000000c4300000)
 Metaspace       used 44892K, committed 46080K, reserved 1114112K
  class space    used 4721K, committed 5248K, reserved 1048576K
}
Event: 11.700 GC heap after
{Heap after GC invocations=24 (full 2):
 PSYoungGen      total 23040K, used 2052K [0x00000000eab00000, 0x00000000ec480000, 0x0000000100000000)
  eden space 20480K, 0% used [0x00000000eab00000,0x00000000eab00000,0x00000000ebf00000)
  from space 2560K, 80% used [0x00000000ec200000,0x00000000ec401000,0x00000000ec480000)
  to   space 2560K, 0% used [0x00000000ebf00000,0x00000000ebf00000,0x00000000ec180000)
 ParOldGen       total 68608K, used 31157K [0x00000000c0000000, 0x00000000c4300000, 0x00000000eab00000)
  object space 68608K, 45% used [0x00000000c0000000,0x00000000c1e6d620,0x00000000c4300000)
 Metaspace       used 44892K, committed 46080K, reserved 1114112K
  class space    used 4721K, committed 5248K, reserved 1048576K
}
Event: 11.771 GC heap before
{Heap before GC invocations=25 (full 2):
 PSYoungGen      total 23040K, used 22532K [0x00000000eab00000, 0x00000000ec480000, 0x0000000100000000)
  eden space 20480K, 100% used [0x00000000eab00000,0x00000000ebf00000,0x00000000ebf00000)
  from space 2560K, 80% used [0x00000000ec200000,0x00000000ec401000,0x00000000ec480000)
  to   space 2560K, 0% used [0x00000000ebf00000,0x00000000ebf00000,0x00000000ec180000)
 ParOldGen       total 68608K, used 31157K [0x00000000c0000000, 0x00000000c4300000, 0x00000000eab00000)
  object space 68608K, 45% used [0x00000000c0000000,0x00000000c1e6d620,0x00000000c4300000)
 Metaspace       used 45098K, committed 46336K, reserved 1114112K
  class space    used 4754K, committed 5312K, reserved 1048576K
}
Event: 11.774 GC heap after
{Heap after GC invocations=25 (full 2):
 PSYoungGen      total 23040K, used 2112K [0x00000000eab00000, 0x00000000ec400000, 0x0000000100000000)
  eden space 20480K, 0% used [0x00000000eab00000,0x00000000eab00000,0x00000000ebf00000)
  from space 2560K, 82% used [0x00000000ebf00000,0x00000000ec110010,0x00000000ec180000)
  to   space 2560K, 0% used [0x00000000ec180000,0x00000000ec180000,0x00000000ec400000)
 ParOldGen       total 68608K, used 33083K [0x00000000c0000000, 0x00000000c4300000, 0x00000000eab00000)
  object space 68608K, 48% used [0x00000000c0000000,0x00000000c204ec58,0x00000000c4300000)
 Metaspace       used 45098K, committed 46336K, reserved 1114112K
  class space    used 4754K, committed 5312K, reserved 1048576K
}
Event: 11.834 GC heap before
{Heap before GC invocations=26 (full 2):
 PSYoungGen      total 23040K, used 22592K [0x00000000eab00000, 0x00000000ec400000, 0x0000000100000000)
  eden space 20480K, 100% used [0x00000000eab00000,0x00000000ebf00000,0x00000000ebf00000)
  from space 2560K, 82% used [0x00000000ebf00000,0x00000000ec110010,0x00000000ec180000)
  to   space 2560K, 0% used [0x00000000ec180000,0x00000000ec180000,0x00000000ec400000)
 ParOldGen       total 68608K, used 33083K [0x00000000c0000000, 0x00000000c4300000, 0x00000000eab00000)
  object space 68608K, 48% used [0x00000000c0000000,0x00000000c204ec58,0x00000000c4300000)
 Metaspace       used 45393K, committed 46592K, reserved 1114112K
  class space    used 4796K, committed 5312K, reserved 1048576K
}
Event: 11.842 GC heap after
{Heap after GC invocations=26 (full 2):
 PSYoungGen      total 22528K, used 1979K [0x00000000eab00000, 0x00000000ec380000, 0x0000000100000000)
  eden space 20480K, 0% used [0x00000000eab00000,0x00000000eab00000,0x00000000ebf00000)
  from space 2048K, 96% used [0x00000000ec180000,0x00000000ec36ec08,0x00000000ec380000)
  to   space 2048K, 0% used [0x00000000ebf80000,0x00000000ebf80000,0x00000000ec180000)
 ParOldGen       total 68608K, used 35023K [0x00000000c0000000, 0x00000000c4300000, 0x00000000eab00000)
  object space 68608K, 51% used [0x00000000c0000000,0x00000000c2233d80,0x00000000c4300000)
 Metaspace       used 45393K, committed 46592K, reserved 1114112K
  class space    used 4796K, committed 5312K, reserved 1048576K
}
Event: 11.934 GC heap before
{Heap before GC invocations=27 (full 2):
 PSYoungGen      total 22528K, used 22459K [0x00000000eab00000, 0x00000000ec380000, 0x0000000100000000)
  eden space 20480K, 100% used [0x00000000eab00000,0x00000000ebf00000,0x00000000ebf00000)
  from space 2048K, 96% used [0x00000000ec180000,0x00000000ec36ec08,0x00000000ec380000)
  to   space 2048K, 0% used [0x00000000ebf80000,0x00000000ebf80000,0x00000000ec180000)
 ParOldGen       total 68608K, used 35023K [0x00000000c0000000, 0x00000000c4300000, 0x00000000eab00000)
  object space 68608K, 51% used [0x00000000c0000000,0x00000000c2233d80,0x00000000c4300000)
 Metaspace       used 45867K, committed 47104K, reserved 1114112K
  class space    used 4847K, committed 5376K, reserved 1048576K
}
Event: 11.943 GC heap after
{Heap after GC invocations=27 (full 2):
 PSYoungGen      total 22528K, used 2010K [0x00000000eab00000, 0x00000000ec300000, 0x0000000100000000)
  eden space 20480K, 0% used [0x00000000eab00000,0x00000000eab00000,0x00000000ebf00000)
  from space 2048K, 98% used [0x00000000ebf80000,0x00000000ec176928,0x00000000ec180000)
  to   space 1536K, 0% used [0x00000000ec180000,0x00000000ec180000,0x00000000ec300000)
 ParOldGen       total 68608K, used 36843K [0x00000000c0000000, 0x00000000c4300000, 0x00000000eab00000)
  object space 68608K, 53% used [0x00000000c0000000,0x00000000c23fafa0,0x00000000c4300000)
 Metaspace       used 45867K, committed 47104K, reserved 1114112K
  class space    used 4847K, committed 5376K, reserved 1048576K
}
Event: 12.047 GC heap before
{Heap before GC invocations=28 (full 2):
 PSYoungGen      total 22528K, used 22490K [0x00000000eab00000, 0x00000000ec300000, 0x0000000100000000)
  eden space 20480K, 100% used [0x00000000eab00000,0x00000000ebf00000,0x00000000ebf00000)
  from space 2048K, 98% used [0x00000000ebf80000,0x00000000ec176928,0x00000000ec180000)
  to   space 1536K, 0% used [0x00000000ec180000,0x00000000ec180000,0x00000000ec300000)
 ParOldGen       total 68608K, used 36843K [0x00000000c0000000, 0x00000000c4300000, 0x00000000eab00000)
  object space 68608K, 53% used [0x00000000c0000000,0x00000000c23fafa0,0x00000000c4300000)
 Metaspace       used 46086K, committed 47296K, reserved 1114112K
  class space    used 4867K, committed 5376K, reserved 1048576K
}
Event: 12.051 GC heap after
{Heap after GC invocations=28 (full 2):
 PSYoungGen      total 19968K, used 1536K [0x00000000eab00000, 0x00000000ec800000, 0x0000000100000000)
  eden space 18432K, 0% used [0x00000000eab00000,0x00000000eab00000,0x00000000ebd00000)
  from space 1536K, 100% used [0x00000000ec180000,0x00000000ec300000,0x00000000ec300000)
  to   space 4608K, 0% used [0x00000000ebd00000,0x00000000ebd00000,0x00000000ec180000)
 ParOldGen       total 68608K, used 39438K [0x00000000c0000000, 0x00000000c4300000, 0x00000000eab00000)
  object space 68608K, 57% used [0x00000000c0000000,0x00000000c2683bc0,0x00000000c4300000)
 Metaspace       used 46086K, committed 47296K, reserved 1114112K
  class space    used 4867K, committed 5376K, reserved 1048576K
}
Event: 12.166 GC heap before
{Heap before GC invocations=29 (full 2):
 PSYoungGen      total 19968K, used 19968K [0x00000000eab00000, 0x00000000ec800000, 0x0000000100000000)
  eden space 18432K, 100% used [0x00000000eab00000,0x00000000ebd00000,0x00000000ebd00000)
  from space 1536K, 100% used [0x00000000ec180000,0x00000000ec300000,0x00000000ec300000)
  to   space 4608K, 0% used [0x00000000ebd00000,0x00000000ebd00000,0x00000000ec180000)
 ParOldGen       total 68608K, used 39438K [0x00000000c0000000, 0x00000000c4300000, 0x00000000eab00000)
  object space 68608K, 57% used [0x00000000c0000000,0x00000000c2683bc0,0x00000000c4300000)
 Metaspace       used 46350K, committed 47552K, reserved 1114112K
  class space    used 4895K, committed 5440K, reserved 1048576K
}
Event: 12.170 GC heap after
{Heap after GC invocations=29 (full 2):
 PSYoungGen      total 20480K, used 1750K [0x00000000eab00000, 0x00000000ec300000, 0x0000000100000000)
  eden space 18432K, 0% used [0x00000000eab00000,0x00000000eab00000,0x00000000ebd00000)
  from space 2048K, 85% used [0x00000000ebd00000,0x00000000ebeb5808,0x00000000ebf00000)
  to   space 3072K, 0% used [0x00000000ec000000,0x00000000ec000000,0x00000000ec300000)
 ParOldGen       total 68608K, used 40950K [0x00000000c0000000, 0x00000000c4300000, 0x00000000eab00000)
  object space 68608K, 59% used [0x00000000c0000000,0x00000000c27fdbc0,0x00000000c4300000)
 Metaspace       used 46350K, committed 47552K, reserved 1114112K
  class space    used 4895K, committed 5440K, reserved 1048576K
}
Event: 12.765 GC heap before
{Heap before GC invocations=30 (full 2):
 PSYoungGen      total 20480K, used 20182K [0x00000000eab00000, 0x00000000ec300000, 0x0000000100000000)
  eden space 18432K, 100% used [0x00000000eab00000,0x00000000ebd00000,0x00000000ebd00000)
  from space 2048K, 85% used [0x00000000ebd00000,0x00000000ebeb5808,0x00000000ebf00000)
  to   space 3072K, 0% used [0x00000000ec000000,0x00000000ec000000,0x00000000ec300000)
 ParOldGen       total 68608K, used 40950K [0x00000000c0000000, 0x00000000c4300000, 0x00000000eab00000)
  object space 68608K, 59% used [0x00000000c0000000,0x00000000c27fdbc0,0x00000000c4300000)
 Metaspace       used 47763K, committed 49024K, reserved 1114112K
  class space    used 5049K, committed 5632K, reserved 1048576K
}
Event: 12.775 GC heap after
{Heap after GC invocations=30 (full 2):
 PSYoungGen      total 20992K, used 3052K [0x00000000eab00000, 0x00000000ec400000, 0x0000000100000000)
  eden space 17920K, 0% used [0x00000000eab00000,0x00000000eab00000,0x00000000ebc80000)
  from space 3072K, 99% used [0x00000000ec000000,0x00000000ec2fb240,0x00000000ec300000)
  to   space 3584K, 0% used [0x00000000ebc80000,0x00000000ebc80000,0x00000000ec000000)
 ParOldGen       total 68608K, used 42599K [0x00000000c0000000, 0x00000000c4300000, 0x00000000eab00000)
  object space 68608K, 62% used [0x00000000c0000000,0x00000000c2999c80,0x00000000c4300000)
 Metaspace       used 47763K, committed 49024K, reserved 1114112K
  class space    used 5049K, committed 5632K, reserved 1048576K
}
Event: 13.564 GC heap before
{Heap before GC invocations=31 (full 2):
 PSYoungGen      total 20992K, used 20970K [0x00000000eab00000, 0x00000000ec400000, 0x0000000100000000)
  eden space 17920K, 99% used [0x00000000eab00000,0x00000000ebc7f848,0x00000000ebc80000)
  from space 3072K, 99% used [0x00000000ec000000,0x00000000ec2fb240,0x00000000ec300000)
  to   space 3584K, 0% used [0x00000000ebc80000,0x00000000ebc80000,0x00000000ec000000)
 ParOldGen       total 68608K, used 42599K [0x00000000c0000000, 0x00000000c4300000, 0x00000000eab00000)
  object space 68608K, 62% used [0x00000000c0000000,0x00000000c2999c80,0x00000000c4300000)
 Metaspace       used 48780K, committed 50048K, reserved 1114112K
  class space    used 5149K, committed 5696K, reserved 1048576K
}
Event: 13.567 GC heap after
{Heap after GC invocations=31 (full 2):
 PSYoungGen      total 20992K, used 2710K [0x00000000eab00000, 0x00000000ec280000, 0x0000000100000000)
  eden space 17920K, 0% used [0x00000000eab00000,0x00000000eab00000,0x00000000ebc80000)
  from space 3072K, 88% used [0x00000000ebc80000,0x00000000ebf25a70,0x00000000ebf80000)
  to   space 3072K, 0% used [0x00000000ebf80000,0x00000000ebf80000,0x00000000ec280000)
 ParOldGen       total 68608K, used 45448K [0x00000000c0000000, 0x00000000c4300000, 0x00000000eab00000)
  object space 68608K, 66% used [0x00000000c0000000,0x00000000c2c62068,0x00000000c4300000)
 Metaspace       used 48780K, committed 50048K, reserved 1114112K
  class space    used 5149K, committed 5696K, reserved 1048576K
}

